<?xml version="1.0" encoding="UTF-8"?>
<!-- Generated by org.testng.reporters.JUnitReportReporter -->
<testsuite skipped="0" hostname="admin" name="xceler.LoginTest" tests="3" failures="0" timestamp="16 Feb 2018 05:22:11 GMT" time="45.702" errors="0">
  <testcase name="verify_valid_input" time="14.994" classname="xceler.LoginTest"/>
  <testcase name="verify_invalid_input" time="10.066" classname="xceler.LoginTest"/>
  <testcase name="verify_invalid_input" time="20.642" classname="xceler.LoginTest"/>
</testsuite> <!-- xceler.LoginTest -->
